<component name="libraryTable">
  <library name="junit:junit:4.13.2" type="repository">
    <properties maven-id="junit:junit:4.13.2" />
    <ANNOTATIONS>
      <root url="file://$PROJECT_DIR$" />
    </ANNOTATIONS>
    <CLASSES />
    <JAVADOC />
    <SOURCES />
  </library>
</component>